Hosting starting
Now listening on: http://localhost:5000
Application started. Press Ctrl+C to shut down.
Hosting environment: Development
Content root path: C:\gitfolder\RobotMon-Go\APIServer
Hosting started
LoginPost ErrorCode : LoginFailNoUserExist
LoginPost ErrorCode : LoginFailWrongPassword
Hosting starting
Now listening on: http://localhost:5000
Application started. Press Ctrl+C to shut down.
Hosting environment: Development
Content root path: C:\gitfolder\RobotMon-Go\APIServer
Hosting started
Hosting starting
Now listening on: http://localhost:5000
Application started. Press Ctrl+C to shut down.
Hosting environment: Development
Content root path: C:\gitfolder\RobotMon-Go\APIServer
Hosting started
Hosting starting
Now listening on: http://localhost:5000
Application started. Press Ctrl+C to shut down.
Hosting environment: Development
Content root path: C:\gitfolder\RobotMon-Go\APIServer
Hosting started
Hosting starting
Now listening on: http://localhost:5000
Application started. Press Ctrl+C to shut down.
Hosting environment: Development
Content root path: C:\gitfolder\RobotMon-Go\APIServer
Hosting started
